<?xml version="1.0" encoding="UTF-8"?>
<Site BuildName="Win32-MSBuild"
	BuildStamp="20231212-0423-Experimental"
	Name="Boujee"
	Generator="ctest-3.20.21032501-MSVC_2"
	CompilerName="C:/Program Files (x86)/Microsoft Visual Studio/2019/Community/VC/Tools/MSVC/14.29.30133/bin/Hostx86/x64/cl.exe"
	CompilerVersion="19.29.30147.0"
	OSName="Windows"
	Hostname="Boujee"
	OSRelease=" Personal"
	OSVersion=" (Build 22621)"
	OSPlatform="AMD64"
	Is64Bits="1"
	VendorString="GenuineIntel"
	VendorID="Intel Corporation"
	FamilyID="6"
	ModelID="14"
	ProcessorCacheSize="-1"
	NumberOfLogicalCPU="12"
	NumberOfPhysicalCPU="6"
	TotalVirtualMemory="18653"
	TotalPhysicalMemory="16221"
	LogicalProcessorsPerPhysical="2"
	ProcessorClockFrequency="2592"
	>
	<Testing>
		<StartDateTime>Dec 12 13:31 Hawaiian Standard Time</StartDateTime>
		<StartTestTime>1702423909</StartTestTime>
		<TestList/>
		<EndDateTime>Dec 12 13:31 Hawaiian Standard Time</EndDateTime>
		<EndTestTime>1702423909</EndTestTime>
		<ElapsedMinutes>0</ElapsedMinutes>
	</Testing>
</Site>
